\BOOKMARK [1][-]{section.1}{ \040 }{}% 1
\BOOKMARK [1][-]{section.2}{ }{}% 2
\BOOKMARK [2][-]{subsection.2.1}{ \040}{section.2}% 3
\BOOKMARK [2][-]{subsection.2.2}{ \040}{section.2}% 4
\BOOKMARK [3][-]{subsubsection.2.2.1}{ }{subsection.2.2}% 5
\BOOKMARK [3][-]{subsubsection.2.2.2}{ }{subsection.2.2}% 6
\BOOKMARK [2][-]{subsection.2.3}{ }{section.2}% 7
\BOOKMARK [2][-]{subsection.2.4}{}{section.2}% 8
\BOOKMARK [3][-]{subsubsection.2.4.1}{ }{subsection.2.4}% 9
\BOOKMARK [3][-]{subsubsection.2.4.2}{}{subsection.2.4}% 10
\BOOKMARK [3][-]{subsubsection.2.4.3}{ }{subsection.2.4}% 11
\BOOKMARK [1][-]{section.3}{ \040 \040}{}% 12
\BOOKMARK [2][-]{subsection.3.1}{ }{section.3}% 13
\BOOKMARK [2][-]{subsection.3.2}{ }{section.3}% 14
\BOOKMARK [2][-]{subsection.3.3}{ }{section.3}% 15
\BOOKMARK [2][-]{subsection.3.4}{ }{section.3}% 16
\BOOKMARK [1][-]{section.4}{ }{}% 17
\BOOKMARK [2][-]{subsection.4.1}{ }{section.4}% 18
\BOOKMARK [2][-]{subsection.4.2}{}{section.4}% 19
\BOOKMARK [1][-]{section.5}{}{}% 20
\BOOKMARK [2][-]{subsection.5.1}{}{section.5}% 21
\BOOKMARK [3][-]{subsubsection.5.1.1}{ }{subsection.5.1}% 22
\BOOKMARK [2][-]{subsection.5.2}{ \040}{section.5}% 23
